<?xml version="1.0" encoding="UTF-8"?>
<!-- Generated by org.testng.reporters.JUnitReportReporter -->
<testsuite skipped="0" hostname="TVGL-8KRX662" name="gsmserver_com.Search_via_Search" tests="1" failures="0" timestamp="15 Jul 2017 20:52:29 GMT" time="17.028" errors="0">
  <testcase name="itemSearch_via_Search" time="17.028" classname="gsmserver_com.Search_via_Search"/>
</testsuite> <!-- gsmserver_com.Search_via_Search -->
