<?xml version="1.0" encoding="UTF-8"?>
<!-- Generated by org.testng.reporters.JUnitReportReporter -->
<testsuite skipped="0" hostname="TVGL-8KRX662" name="gsmserver_com.Delete_Item_From_Cart" tests="1" failures="0" timestamp="16 Jul 2017 05:37:43 GMT" time="26.296" errors="0">
  <testcase name="Delete_iTem_From_Cart" time="26.296" classname="gsmserver_com.Delete_Item_From_Cart"/>
</testsuite> <!-- gsmserver_com.Delete_Item_From_Cart -->
