<?xml version="1.0" encoding="UTF-8"?>
<!-- Generated by org.testng.reporters.JUnitReportReporter -->
<testsuite skipped="0" hostname="TVGL-8KRX662" name="gsmserver_com.SearchItem_Is_the_First" tests="1" failures="0" timestamp="16 Jul 2017 05:37:43 GMT" time="15.908" errors="0">
  <testcase name="itemSearch_via_Search" time="15.908" classname="gsmserver_com.SearchItem_Is_the_First"/>
</testsuite> <!-- gsmserver_com.SearchItem_Is_the_First -->
